<?xml version="1.0" encoding="UTF-8"?>
<testng-results skipped="0" failed="0" ignored="0" total="1" passed="1">
  <reporter-output>
  </reporter-output>
  <suite name="Default suite" duration-ms="7573" started-at="2020-12-16T08:55:38Z" finished-at="2020-12-16T08:55:46Z">
    <groups>
    </groups>
    <test name="Default test" duration-ms="7573" started-at="2020-12-16T08:55:38Z" finished-at="2020-12-16T08:55:46Z">
      <class name="sample.sample.Createincidentwithoutbody">
        <test-method status="PASS" signature="restassured()[pri:0, instance:sample.sample.Createincidentwithoutbody@2a5ca609]" name="restassured" duration-ms="7516" started-at="2020-12-16T08:55:38Z" finished-at="2020-12-16T08:55:46Z">
          <reporter-output>
          </reporter-output>
        </test-method> <!-- restassured -->
      </class> <!-- sample.sample.Createincidentwithoutbody -->
    </test> <!-- Default test -->
  </suite> <!-- Default suite -->
</testng-results>
